<?xml version="1.0" encoding="UTF-8"?>
<!-- Generated by org.testng.reporters.JUnitXMLReporter -->
<testsuite hostname="rdonthamsetti" name="exampletest1" tests="2" failures="0" timestamp="14 Jan 2016 21:02:01 GMT" time="14.445" errors="0">
  <testcase name="checkCanUserAddATask" time="9.766" classname="com.prokarma.cicd.automation.SampleSauceIntegrationTest"/>
  <testcase name="checkCanUserAddATask" time="12.664" classname="com.prokarma.cicd.automation.SampleSauceIntegrationTest"/>
</testsuite> <!-- exampletest1 -->
