<?xml version="1.0" encoding="UTF-8"?>
<testng-results skipped="0" failed="0" total="2" passed="2">
  <reporter-output>
  </reporter-output>
  <suite name="Suite1" duration-ms="14445" started-at="2016-01-14T21:01:47Z" finished-at="2016-01-14T21:02:01Z">
    <groups>
    </groups>
    <test name="exampletest1" duration-ms="14445" started-at="2016-01-14T21:01:47Z" finished-at="2016-01-14T21:02:01Z">
      <class name="com.prokarma.cicd.automation.SampleSauceIntegrationTest">
        <test-method status="PASS" signature="checkCanUserAddATask(java.lang.String, java.lang.String, java.lang.String, org.testng.ITestContext)[pri:0, instance:com.prokarma.cicd.automation.SampleSauceIntegrationTest@7f63425a]" name="checkCanUserAddATask" duration-ms="9766" started-at="2016-01-14T14:01:47Z" data-provider="hardCodedBrowsers" finished-at="2016-01-14T14:01:56Z">
          <params>
            <param index="0">
              <value>
                <![CDATA[internet explorer]]>
              </value>
            </param>
            <param index="1">
              <value>
                <![CDATA[11]]>
              </value>
            </param>
            <param index="2">
              <value>
                <![CDATA[Windows 8.1]]>
              </value>
            </param>
            <param index="3">
              <value>
                <![CDATA[org.testng.TestRunner@6dfe1639]]>
              </value>
            </param>
          </params>
          <reporter-output>
          </reporter-output>
        </test-method> <!-- checkCanUserAddATask -->
        <test-method status="PASS" signature="checkCanUserAddATask(java.lang.String, java.lang.String, java.lang.String, org.testng.ITestContext)[pri:0, instance:com.prokarma.cicd.automation.SampleSauceIntegrationTest@7f63425a]" name="checkCanUserAddATask" duration-ms="12664" started-at="2016-01-14T14:01:47Z" data-provider="hardCodedBrowsers" finished-at="2016-01-14T14:01:59Z">
          <params>
            <param index="0">
              <value>
                <![CDATA[safari]]>
              </value>
            </param>
            <param index="1">
              <value>
                <![CDATA[6]]>
              </value>
            </param>
            <param index="2">
              <value>
                <![CDATA[OSX 10.8]]>
              </value>
            </param>
            <param index="3">
              <value>
                <![CDATA[org.testng.TestRunner@6dfe1639]]>
              </value>
            </param>
          </params>
          <reporter-output>
          </reporter-output>
        </test-method> <!-- checkCanUserAddATask -->
      </class> <!-- com.prokarma.cicd.automation.SampleSauceIntegrationTest -->
    </test> <!-- exampletest1 -->
  </suite> <!-- Suite1 -->
</testng-results>
